<?xml version="1.0" encoding="UTF-8"?>
<testsuites>
  <testsuite name="Session Configuration Page" timestamp="2022-04-03T19:45:06" time="13.311" tests="6" failures="0" errors="0" skipped="0">
    <properties>
      <property name="specId" value="0"/>
      <property name="suiteName" value="Session Configuration Page"/>
      <property name="capabilities" value="chrome.100_0_4896_60.macosx"/>
      <property name="file" value="./test/specs/sessionConfig.js"/>
    </properties>
    <testcase classname="chrome.100_0_4896_60.macosx.Session_Configuration_Page" name="Open URL verify demo saas is present" time="2.718">
      <system-out><![CDATA[
COMMAND: POST /session/663832a9139e85fd9f30d66a5a1fa0c7/url - {"url":"http://demo.saas-3.veriff.me/"}
COMMAND: POST /session/663832a9139e85fd9f30d66a5a1fa0c7/window/maximize - {}
COMMAND: GET /session/663832a9139e85fd9f30d66a5a1fa0c7/screenshot - {}
COMMAND: GET /session/663832a9139e85fd9f30d66a5a1fa0c7/url - {}
RESULT: {"url":"http://demo.saas-3.veriff.me/"}
RESULT: {}
RESULT: {}
RESULT: {}
]]></system-out>
    </testcase>
    <testcase classname="chrome.100_0_4896_60.macosx.Session_Configuration_Page" name="Open URL verify title of the page" time="0.815">
      <system-out><![CDATA[
COMMAND: POST /session/663832a9139e85fd9f30d66a5a1fa0c7/url - {"url":"http://demo.saas-3.veriff.me/"}
COMMAND: POST /session/663832a9139e85fd9f30d66a5a1fa0c7/window/maximize - {}
COMMAND: GET /session/663832a9139e85fd9f30d66a5a1fa0c7/screenshot - {}
COMMAND: GET /session/663832a9139e85fd9f30d66a5a1fa0c7/title - {}
COMMAND: GET /session/663832a9139e85fd9f30d66a5a1fa0c7/url - {}
RESULT: {"url":"http://demo.saas-3.veriff.me/"}
RESULT: {}
RESULT: {}
RESULT: {}
RESULT: {}
]]></system-out>
    </testcase>
    <testcase classname="chrome.100_0_4896_60.macosx.Session_Configuration_Page" name="Verify all UI elements are present on the page" time="1.662">
      <system-out><![CDATA[
COMMAND: GET /session/663832a9139e85fd9f30d66a5a1fa0c7/url - {}
COMMAND: POST /session/663832a9139e85fd9f30d66a5a1fa0c7/url - {"url":"http://demo.saas-3.veriff.me/"}
COMMAND: POST /session/663832a9139e85fd9f30d66a5a1fa0c7/window/maximize - {}
COMMAND: POST /session/663832a9139e85fd9f30d66a5a1fa0c7/element - {"using":"xpath","value":"//div[@class=\"app-logo\"]"}
RESULT: {}
COMMAND: GET /session/663832a9139e85fd9f30d66a5a1fa0c7/url - {}
RESULT: {"url":"http://demo.saas-3.veriff.me/"}
RESULT: {}
RESULT: {"using":"xpath","value":"//div[@class=\"app-logo\"]"}
COMMAND: POST /session/663832a9139e85fd9f30d66a5a1fa0c7/elements - {"using":"xpath","value":"//div[@class=\"app-logo\"]"}
RESULT: {}
COMMAND: GET /session/663832a9139e85fd9f30d66a5a1fa0c7/url - {}
RESULT: {"using":"xpath","value":"//div[@class=\"app-logo\"]"}
RESULT: {}
COMMAND: GET /session/663832a9139e85fd9f30d66a5a1fa0c7/url - {}
RESULT: {}
COMMAND: GET /session/663832a9139e85fd9f30d66a5a1fa0c7/url - {}
RESULT: {}
COMMAND: GET /session/663832a9139e85fd9f30d66a5a1fa0c7/url - {}
RESULT: {}
COMMAND: GET /session/663832a9139e85fd9f30d66a5a1fa0c7/url - {}
RESULT: {}
COMMAND: POST /session/663832a9139e85fd9f30d66a5a1fa0c7/elements - {"using":"xpath","value":"//div[@class=\"app-logo\"]"}
RESULT: {"using":"xpath","value":"//div[@class=\"app-logo\"]"}
COMMAND: POST /session/663832a9139e85fd9f30d66a5a1fa0c7/element - {"using":"xpath","value":"//h3[@class=\"text-center m-b\"]"}
RESULT: {"using":"xpath","value":"//h3[@class=\"text-center m-b\"]"}
COMMAND: POST /session/663832a9139e85fd9f30d66a5a1fa0c7/elements - {"using":"xpath","value":"//h3[@class=\"text-center m-b\"]"}
RESULT: {"using":"xpath","value":"//h3[@class=\"text-center m-b\"]"}
COMMAND: POST /session/663832a9139e85fd9f30d66a5a1fa0c7/element - {"using":"xpath","value":"//p[@class=\"text-center m-t mb-24 break-word\"]"}
COMMAND: GET /session/663832a9139e85fd9f30d66a5a1fa0c7/url - {}
RESULT: {"using":"xpath","value":"//p[@class=\"text-center m-t mb-24 break-word\"]"}
COMMAND: POST /session/663832a9139e85fd9f30d66a5a1fa0c7/elements - {"using":"xpath","value":"//p[@class=\"text-center m-t mb-24 break-word\"]"}
RESULT: {}
RESULT: {"using":"xpath","value":"//p[@class=\"text-center m-t mb-24 break-word\"]"}
COMMAND: POST /session/663832a9139e85fd9f30d66a5a1fa0c7/element - {"using":"xpath","value":"//input[@name=\"name\"]"}
RESULT: {"using":"xpath","value":"//input[@name=\"name\"]"}
COMMAND: POST /session/663832a9139e85fd9f30d66a5a1fa0c7/elements - {"using":"xpath","value":"//input[@name=\"name\"]"}
RESULT: {"using":"xpath","value":"//input[@name=\"name\"]"}
COMMAND: POST /session/663832a9139e85fd9f30d66a5a1fa0c7/element - {"using":"xpath","value":"(//button[@name=\"language\"])[1]"}
RESULT: {"using":"xpath","value":"(//button[@name=\"language\"])[1]"}
COMMAND: POST /session/663832a9139e85fd9f30d66a5a1fa0c7/elements - {"using":"xpath","value":"(//button[@name=\"language\"])[1]"}
RESULT: {"using":"xpath","value":"(//button[@name=\"language\"])[1]"}
COMMAND: POST /session/663832a9139e85fd9f30d66a5a1fa0c7/element - {"using":"xpath","value":"//input[@id=\"downshift-1-input\"]"}
RESULT: {"using":"xpath","value":"//input[@id=\"downshift-1-input\"]"}
COMMAND: POST /session/663832a9139e85fd9f30d66a5a1fa0c7/elements - {"using":"xpath","value":"//input[@id=\"downshift-1-input\"]"}
RESULT: {"using":"xpath","value":"//input[@id=\"downshift-1-input\"]"}
COMMAND: POST /session/663832a9139e85fd9f30d66a5a1fa0c7/element - {"using":"xpath","value":"//button[@name=\"documentType\"]"}
RESULT: {"using":"xpath","value":"//button[@name=\"documentType\"]"}
COMMAND: POST /session/663832a9139e85fd9f30d66a5a1fa0c7/elements - {"using":"xpath","value":"//button[@name=\"documentType\"]"}
RESULT: {"using":"xpath","value":"//button[@name=\"documentType\"]"}
COMMAND: POST /session/663832a9139e85fd9f30d66a5a1fa0c7/element - {"using":"xpath","value":"//input[@value=\"incontext\"]"}
RESULT: {"using":"xpath","value":"//input[@value=\"incontext\"]"}
COMMAND: POST /session/663832a9139e85fd9f30d66a5a1fa0c7/elements - {"using":"xpath","value":"//input[@value=\"incontext\"]"}
RESULT: {"using":"xpath","value":"//input[@value=\"incontext\"]"}
COMMAND: POST /session/663832a9139e85fd9f30d66a5a1fa0c7/element - {"using":"xpath","value":"//input[@value=\"redirect\"]"}
RESULT: {"using":"xpath","value":"//input[@value=\"redirect\"]"}
COMMAND: POST /session/663832a9139e85fd9f30d66a5a1fa0c7/elements - {"using":"xpath","value":"//input[@value=\"redirect\"]"}
RESULT: {"using":"xpath","value":"//input[@value=\"redirect\"]"}
COMMAND: POST /session/663832a9139e85fd9f30d66a5a1fa0c7/element - {"using":"xpath","value":"//p[contains(text(),\"this session you consent that your audio, video an\")]"}
RESULT: {"using":"xpath","value":"//p[contains(text(),\"this session you consent that your audio, video an\")]"}
COMMAND: POST /session/663832a9139e85fd9f30d66a5a1fa0c7/elements - {"using":"xpath","value":"//p[contains(text(),\"this session you consent that your audio, video an\")]"}
RESULT: {"using":"xpath","value":"//p[contains(text(),\"this session you consent that your audio, video an\")]"}
COMMAND: POST /session/663832a9139e85fd9f30d66a5a1fa0c7/element - {"using":"xpath","value":"//a[normalize-space()=\"Privacy Policy.\"]"}
RESULT: {"using":"xpath","value":"//a[normalize-space()=\"Privacy Policy.\"]"}
COMMAND: POST /session/663832a9139e85fd9f30d66a5a1fa0c7/elements - {"using":"xpath","value":"//a[normalize-space()=\"Privacy Policy.\"]"}
RESULT: {"using":"xpath","value":"//a[normalize-space()=\"Privacy Policy.\"]"}
COMMAND: POST /session/663832a9139e85fd9f30d66a5a1fa0c7/element - {"using":"xpath","value":"//button[@type=\"submit\"]"}
RESULT: {"using":"xpath","value":"//button[@type=\"submit\"]"}
COMMAND: POST /session/663832a9139e85fd9f30d66a5a1fa0c7/elements - {"using":"xpath","value":"//button[@type=\"submit\"]"}
RESULT: {"using":"xpath","value":"//button[@type=\"submit\"]"}
COMMAND: GET /session/663832a9139e85fd9f30d66a5a1fa0c7/screenshot - {}
COMMAND: GET /session/663832a9139e85fd9f30d66a5a1fa0c7/url - {}
RESULT: {}
RESULT: {}
]]></system-out>
    </testcase>
    <testcase classname="chrome.100_0_4896_60.macosx.Session_Configuration_Page" name="Verify all UI elements are clickable on the page" time="1.436">
      <system-out><![CDATA[
COMMAND: POST /session/663832a9139e85fd9f30d66a5a1fa0c7/url - {"url":"http://demo.saas-3.veriff.me/"}
COMMAND: POST /session/663832a9139e85fd9f30d66a5a1fa0c7/window/maximize - {}
COMMAND: POST /session/663832a9139e85fd9f30d66a5a1fa0c7/element - {"using":"xpath","value":"//input[@name=\"name\"]"}
RESULT: {"url":"http://demo.saas-3.veriff.me/"}
COMMAND: GET /session/663832a9139e85fd9f30d66a5a1fa0c7/url - {}
RESULT: {}
RESULT: {"using":"xpath","value":"//input[@name=\"name\"]"}
COMMAND: POST /session/663832a9139e85fd9f30d66a5a1fa0c7/element - {"using":"xpath","value":"//input[@name=\"name\"]"}
RESULT: {}
RESULT: {"using":"xpath","value":"//input[@name=\"name\"]"}
COMMAND: GET /session/663832a9139e85fd9f30d66a5a1fa0c7/url - {}
RESULT: {}
COMMAND: POST /session/663832a9139e85fd9f30d66a5a1fa0c7/element - {"using":"xpath","value":"//input[@name=\"name\"]"}
RESULT: {"using":"xpath","value":"//input[@name=\"name\"]"}
COMMAND: POST /session/663832a9139e85fd9f30d66a5a1fa0c7/execute/sync - {"script":"return (function isElementDisplayed(element) {\n    function nodeIsElement(node) {\n        if (!node) {\n            return false;\n        }\n        switch (node.nodeType) {\n            case Node.ELEMEN ... (7762 more bytes)","args":[{"element-6066-11e4-a52e-4f735466cecf":"eb9d22c0-4c56-4bef-aa29-3cd673bc1b27","ELEMENT":"eb9d22c0-4c56-4bef-aa29-3cd673bc1b27"}]}
RESULT: {"script":"return (function isElementDisplayed(element) {\n    function nodeIsElement(node) {\n        if (!node) {\n            return false;\n        }\n        switch (node.nodeType) {\n            case Node.ELEMEN ... (7762 more bytes)","args":[{"element-6066-11e4-a52e-4f735466cecf":"eb9d22c0-4c56-4bef-aa29-3cd673bc1b27","ELEMENT":"eb9d22c0-4c56-4bef-aa29-3cd673bc1b27"}]}
COMMAND: POST /session/663832a9139e85fd9f30d66a5a1fa0c7/execute/sync - {"script":"return (function isElementClickable(elem) {\n    if (!elem.getBoundingClientRect || !elem.scrollIntoView || !elem.contains || !elem.getClientRects || !document.elementFromPoint) {\n        return false; ... (5149 more bytes)","args":[{"element-6066-11e4-a52e-4f735466cecf":"eb9d22c0-4c56-4bef-aa29-3cd673bc1b27","ELEMENT":"eb9d22c0-4c56-4bef-aa29-3cd673bc1b27"}]}
RESULT: {"script":"return (function isElementClickable(elem) {\n    if (!elem.getBoundingClientRect || !elem.scrollIntoView || !elem.contains || !elem.getClientRects || !document.elementFromPoint) {\n        return false; ... (5149 more bytes)","args":[{"element-6066-11e4-a52e-4f735466cecf":"eb9d22c0-4c56-4bef-aa29-3cd673bc1b27","ELEMENT":"eb9d22c0-4c56-4bef-aa29-3cd673bc1b27"}]}
COMMAND: POST /session/663832a9139e85fd9f30d66a5a1fa0c7/element - {"using":"xpath","value":"(//button[@name=\"language\"])[1]"}
RESULT: {"using":"xpath","value":"(//button[@name=\"language\"])[1]"}
COMMAND: POST /session/663832a9139e85fd9f30d66a5a1fa0c7/execute/sync - {"script":"return (function isElementDisplayed(element) {\n    function nodeIsElement(node) {\n        if (!node) {\n            return false;\n        }\n        switch (node.nodeType) {\n            case Node.ELEMEN ... (7762 more bytes)","args":[{"element-6066-11e4-a52e-4f735466cecf":"ab4f3b48-d3a1-4072-95f9-c4bc4d8e5977","ELEMENT":"ab4f3b48-d3a1-4072-95f9-c4bc4d8e5977"}]}
RESULT: {"script":"return (function isElementDisplayed(element) {\n    function nodeIsElement(node) {\n        if (!node) {\n            return false;\n        }\n        switch (node.nodeType) {\n            case Node.ELEMEN ... (7762 more bytes)","args":[{"element-6066-11e4-a52e-4f735466cecf":"ab4f3b48-d3a1-4072-95f9-c4bc4d8e5977","ELEMENT":"ab4f3b48-d3a1-4072-95f9-c4bc4d8e5977"}]}
COMMAND: POST /session/663832a9139e85fd9f30d66a5a1fa0c7/execute/sync - {"script":"return (function isElementClickable(elem) {\n    if (!elem.getBoundingClientRect || !elem.scrollIntoView || !elem.contains || !elem.getClientRects || !document.elementFromPoint) {\n        return false; ... (5149 more bytes)","args":[{"element-6066-11e4-a52e-4f735466cecf":"ab4f3b48-d3a1-4072-95f9-c4bc4d8e5977","ELEMENT":"ab4f3b48-d3a1-4072-95f9-c4bc4d8e5977"}]}
RESULT: {"script":"return (function isElementClickable(elem) {\n    if (!elem.getBoundingClientRect || !elem.scrollIntoView || !elem.contains || !elem.getClientRects || !document.elementFromPoint) {\n        return false; ... (5149 more bytes)","args":[{"element-6066-11e4-a52e-4f735466cecf":"ab4f3b48-d3a1-4072-95f9-c4bc4d8e5977","ELEMENT":"ab4f3b48-d3a1-4072-95f9-c4bc4d8e5977"}]}
COMMAND: POST /session/663832a9139e85fd9f30d66a5a1fa0c7/element - {"using":"xpath","value":"//input[@id=\"downshift-1-input\"]"}
RESULT: {"using":"xpath","value":"//input[@id=\"downshift-1-input\"]"}
COMMAND: POST /session/663832a9139e85fd9f30d66a5a1fa0c7/execute/sync - {"script":"return (function isElementDisplayed(element) {\n    function nodeIsElement(node) {\n        if (!node) {\n            return false;\n        }\n        switch (node.nodeType) {\n            case Node.ELEMEN ... (7762 more bytes)","args":[{"element-6066-11e4-a52e-4f735466cecf":"de021296-7f86-42f7-8740-dd2f325ca26d","ELEMENT":"de021296-7f86-42f7-8740-dd2f325ca26d"}]}
RESULT: {"script":"return (function isElementDisplayed(element) {\n    function nodeIsElement(node) {\n        if (!node) {\n            return false;\n        }\n        switch (node.nodeType) {\n            case Node.ELEMEN ... (7762 more bytes)","args":[{"element-6066-11e4-a52e-4f735466cecf":"de021296-7f86-42f7-8740-dd2f325ca26d","ELEMENT":"de021296-7f86-42f7-8740-dd2f325ca26d"}]}
COMMAND: POST /session/663832a9139e85fd9f30d66a5a1fa0c7/execute/sync - {"script":"return (function isElementClickable(elem) {\n    if (!elem.getBoundingClientRect || !elem.scrollIntoView || !elem.contains || !elem.getClientRects || !document.elementFromPoint) {\n        return false; ... (5149 more bytes)","args":[{"element-6066-11e4-a52e-4f735466cecf":"de021296-7f86-42f7-8740-dd2f325ca26d","ELEMENT":"de021296-7f86-42f7-8740-dd2f325ca26d"}]}
RESULT: {"script":"return (function isElementClickable(elem) {\n    if (!elem.getBoundingClientRect || !elem.scrollIntoView || !elem.contains || !elem.getClientRects || !document.elementFromPoint) {\n        return false; ... (5149 more bytes)","args":[{"element-6066-11e4-a52e-4f735466cecf":"de021296-7f86-42f7-8740-dd2f325ca26d","ELEMENT":"de021296-7f86-42f7-8740-dd2f325ca26d"}]}
COMMAND: POST /session/663832a9139e85fd9f30d66a5a1fa0c7/element - {"using":"xpath","value":"//button[@name=\"documentType\"]"}
RESULT: {"using":"xpath","value":"//button[@name=\"documentType\"]"}
COMMAND: POST /session/663832a9139e85fd9f30d66a5a1fa0c7/execute/sync - {"script":"return (function isElementDisplayed(element) {\n    function nodeIsElement(node) {\n        if (!node) {\n            return false;\n        }\n        switch (node.nodeType) {\n            case Node.ELEMEN ... (7762 more bytes)","args":[{"element-6066-11e4-a52e-4f735466cecf":"7dbd1cb0-6cb5-491e-88a1-38029fff68f2","ELEMENT":"7dbd1cb0-6cb5-491e-88a1-38029fff68f2"}]}
RESULT: {"script":"return (function isElementDisplayed(element) {\n    function nodeIsElement(node) {\n        if (!node) {\n            return false;\n        }\n        switch (node.nodeType) {\n            case Node.ELEMEN ... (7762 more bytes)","args":[{"element-6066-11e4-a52e-4f735466cecf":"7dbd1cb0-6cb5-491e-88a1-38029fff68f2","ELEMENT":"7dbd1cb0-6cb5-491e-88a1-38029fff68f2"}]}
COMMAND: POST /session/663832a9139e85fd9f30d66a5a1fa0c7/execute/sync - {"script":"return (function isElementClickable(elem) {\n    if (!elem.getBoundingClientRect || !elem.scrollIntoView || !elem.contains || !elem.getClientRects || !document.elementFromPoint) {\n        return false; ... (5149 more bytes)","args":[{"element-6066-11e4-a52e-4f735466cecf":"7dbd1cb0-6cb5-491e-88a1-38029fff68f2","ELEMENT":"7dbd1cb0-6cb5-491e-88a1-38029fff68f2"}]}
RESULT: {"script":"return (function isElementClickable(elem) {\n    if (!elem.getBoundingClientRect || !elem.scrollIntoView || !elem.contains || !elem.getClientRects || !document.elementFromPoint) {\n        return false; ... (5149 more bytes)","args":[{"element-6066-11e4-a52e-4f735466cecf":"7dbd1cb0-6cb5-491e-88a1-38029fff68f2","ELEMENT":"7dbd1cb0-6cb5-491e-88a1-38029fff68f2"}]}
COMMAND: POST /session/663832a9139e85fd9f30d66a5a1fa0c7/element - {"using":"xpath","value":"//input[@value=\"redirect\"]"}
RESULT: {"using":"xpath","value":"//input[@value=\"redirect\"]"}
COMMAND: POST /session/663832a9139e85fd9f30d66a5a1fa0c7/execute/sync - {"script":"return (function isElementDisplayed(element) {\n    function nodeIsElement(node) {\n        if (!node) {\n            return false;\n        }\n        switch (node.nodeType) {\n            case Node.ELEMEN ... (7762 more bytes)","args":[{"element-6066-11e4-a52e-4f735466cecf":"4caaec7c-4b60-4297-85f2-49e63c16e761","ELEMENT":"4caaec7c-4b60-4297-85f2-49e63c16e761"}]}
RESULT: {"script":"return (function isElementDisplayed(element) {\n    function nodeIsElement(node) {\n        if (!node) {\n            return false;\n        }\n        switch (node.nodeType) {\n            case Node.ELEMEN ... (7762 more bytes)","args":[{"element-6066-11e4-a52e-4f735466cecf":"4caaec7c-4b60-4297-85f2-49e63c16e761","ELEMENT":"4caaec7c-4b60-4297-85f2-49e63c16e761"}]}
COMMAND: POST /session/663832a9139e85fd9f30d66a5a1fa0c7/execute/sync - {"script":"return (function isElementClickable(elem) {\n    if (!elem.getBoundingClientRect || !elem.scrollIntoView || !elem.contains || !elem.getClientRects || !document.elementFromPoint) {\n        return false; ... (5149 more bytes)","args":[{"element-6066-11e4-a52e-4f735466cecf":"4caaec7c-4b60-4297-85f2-49e63c16e761","ELEMENT":"4caaec7c-4b60-4297-85f2-49e63c16e761"}]}
RESULT: {"script":"return (function isElementClickable(elem) {\n    if (!elem.getBoundingClientRect || !elem.scrollIntoView || !elem.contains || !elem.getClientRects || !document.elementFromPoint) {\n        return false; ... (5149 more bytes)","args":[{"element-6066-11e4-a52e-4f735466cecf":"4caaec7c-4b60-4297-85f2-49e63c16e761","ELEMENT":"4caaec7c-4b60-4297-85f2-49e63c16e761"}]}
COMMAND: POST /session/663832a9139e85fd9f30d66a5a1fa0c7/element - {"using":"xpath","value":"//input[@value=\"incontext\"]"}
RESULT: {"using":"xpath","value":"//input[@value=\"incontext\"]"}
COMMAND: POST /session/663832a9139e85fd9f30d66a5a1fa0c7/execute/sync - {"script":"return (function isElementDisplayed(element) {\n    function nodeIsElement(node) {\n        if (!node) {\n            return false;\n        }\n        switch (node.nodeType) {\n            case Node.ELEMEN ... (7762 more bytes)","args":[{"element-6066-11e4-a52e-4f735466cecf":"cdb0f1cd-75de-4eb8-8c0a-2b5465ada206","ELEMENT":"cdb0f1cd-75de-4eb8-8c0a-2b5465ada206"}]}
RESULT: {"script":"return (function isElementDisplayed(element) {\n    function nodeIsElement(node) {\n        if (!node) {\n            return false;\n        }\n        switch (node.nodeType) {\n            case Node.ELEMEN ... (7762 more bytes)","args":[{"element-6066-11e4-a52e-4f735466cecf":"cdb0f1cd-75de-4eb8-8c0a-2b5465ada206","ELEMENT":"cdb0f1cd-75de-4eb8-8c0a-2b5465ada206"}]}
COMMAND: POST /session/663832a9139e85fd9f30d66a5a1fa0c7/execute/sync - {"script":"return (function isElementClickable(elem) {\n    if (!elem.getBoundingClientRect || !elem.scrollIntoView || !elem.contains || !elem.getClientRects || !document.elementFromPoint) {\n        return false; ... (5149 more bytes)","args":[{"element-6066-11e4-a52e-4f735466cecf":"cdb0f1cd-75de-4eb8-8c0a-2b5465ada206","ELEMENT":"cdb0f1cd-75de-4eb8-8c0a-2b5465ada206"}]}
RESULT: {"script":"return (function isElementClickable(elem) {\n    if (!elem.getBoundingClientRect || !elem.scrollIntoView || !elem.contains || !elem.getClientRects || !document.elementFromPoint) {\n        return false; ... (5149 more bytes)","args":[{"element-6066-11e4-a52e-4f735466cecf":"cdb0f1cd-75de-4eb8-8c0a-2b5465ada206","ELEMENT":"cdb0f1cd-75de-4eb8-8c0a-2b5465ada206"}]}
COMMAND: POST /session/663832a9139e85fd9f30d66a5a1fa0c7/element - {"using":"xpath","value":"//a[normalize-space()=\"Privacy Policy.\"]"}
RESULT: {"using":"xpath","value":"//a[normalize-space()=\"Privacy Policy.\"]"}
COMMAND: POST /session/663832a9139e85fd9f30d66a5a1fa0c7/execute/sync - {"script":"return (function isElementDisplayed(element) {\n    function nodeIsElement(node) {\n        if (!node) {\n            return false;\n        }\n        switch (node.nodeType) {\n            case Node.ELEMEN ... (7762 more bytes)","args":[{"element-6066-11e4-a52e-4f735466cecf":"ef5d087a-28b9-4b12-a6b7-59d3c260f402","ELEMENT":"ef5d087a-28b9-4b12-a6b7-59d3c260f402"}]}
RESULT: {"script":"return (function isElementDisplayed(element) {\n    function nodeIsElement(node) {\n        if (!node) {\n            return false;\n        }\n        switch (node.nodeType) {\n            case Node.ELEMEN ... (7762 more bytes)","args":[{"element-6066-11e4-a52e-4f735466cecf":"ef5d087a-28b9-4b12-a6b7-59d3c260f402","ELEMENT":"ef5d087a-28b9-4b12-a6b7-59d3c260f402"}]}
COMMAND: POST /session/663832a9139e85fd9f30d66a5a1fa0c7/execute/sync - {"script":"return (function isElementClickable(elem) {\n    if (!elem.getBoundingClientRect || !elem.scrollIntoView || !elem.contains || !elem.getClientRects || !document.elementFromPoint) {\n        return false; ... (5149 more bytes)","args":[{"element-6066-11e4-a52e-4f735466cecf":"ef5d087a-28b9-4b12-a6b7-59d3c260f402","ELEMENT":"ef5d087a-28b9-4b12-a6b7-59d3c260f402"}]}
RESULT: {"script":"return (function isElementClickable(elem) {\n    if (!elem.getBoundingClientRect || !elem.scrollIntoView || !elem.contains || !elem.getClientRects || !document.elementFromPoint) {\n        return false; ... (5149 more bytes)","args":[{"element-6066-11e4-a52e-4f735466cecf":"ef5d087a-28b9-4b12-a6b7-59d3c260f402","ELEMENT":"ef5d087a-28b9-4b12-a6b7-59d3c260f402"}]}
COMMAND: POST /session/663832a9139e85fd9f30d66a5a1fa0c7/element - {"using":"xpath","value":"//button[@type=\"submit\"]"}
RESULT: {"using":"xpath","value":"//button[@type=\"submit\"]"}
COMMAND: POST /session/663832a9139e85fd9f30d66a5a1fa0c7/execute/sync - {"script":"return (function isElementDisplayed(element) {\n    function nodeIsElement(node) {\n        if (!node) {\n            return false;\n        }\n        switch (node.nodeType) {\n            case Node.ELEMEN ... (7762 more bytes)","args":[{"element-6066-11e4-a52e-4f735466cecf":"375c4747-9d4a-4bd7-b5fc-8fbcfdbaaa4a","ELEMENT":"375c4747-9d4a-4bd7-b5fc-8fbcfdbaaa4a"}]}
RESULT: {"script":"return (function isElementDisplayed(element) {\n    function nodeIsElement(node) {\n        if (!node) {\n            return false;\n        }\n        switch (node.nodeType) {\n            case Node.ELEMEN ... (7762 more bytes)","args":[{"element-6066-11e4-a52e-4f735466cecf":"375c4747-9d4a-4bd7-b5fc-8fbcfdbaaa4a","ELEMENT":"375c4747-9d4a-4bd7-b5fc-8fbcfdbaaa4a"}]}
COMMAND: POST /session/663832a9139e85fd9f30d66a5a1fa0c7/execute/sync - {"script":"return (function isElementClickable(elem) {\n    if (!elem.getBoundingClientRect || !elem.scrollIntoView || !elem.contains || !elem.getClientRects || !document.elementFromPoint) {\n        return false; ... (5149 more bytes)","args":[{"element-6066-11e4-a52e-4f735466cecf":"375c4747-9d4a-4bd7-b5fc-8fbcfdbaaa4a","ELEMENT":"375c4747-9d4a-4bd7-b5fc-8fbcfdbaaa4a"}]}
RESULT: {"script":"return (function isElementClickable(elem) {\n    if (!elem.getBoundingClientRect || !elem.scrollIntoView || !elem.contains || !elem.getClientRects || !document.elementFromPoint) {\n        return false; ... (5149 more bytes)","args":[{"element-6066-11e4-a52e-4f735466cecf":"375c4747-9d4a-4bd7-b5fc-8fbcfdbaaa4a","ELEMENT":"375c4747-9d4a-4bd7-b5fc-8fbcfdbaaa4a"}]}
COMMAND: GET /session/663832a9139e85fd9f30d66a5a1fa0c7/screenshot - {}
COMMAND: GET /session/663832a9139e85fd9f30d66a5a1fa0c7/url - {}
RESULT: {}
RESULT: {}
]]></system-out>
    </testcase>
    <testcase classname="chrome.100_0_4896_60.macosx.Session_Configuration_Page" name="Verify all languages are displayed" time="1.943">
      <system-out><![CDATA[
COMMAND: POST /session/663832a9139e85fd9f30d66a5a1fa0c7/url - {"url":"http://demo.saas-3.veriff.me/"}
COMMAND: POST /session/663832a9139e85fd9f30d66a5a1fa0c7/window/maximize - {}
COMMAND: POST /session/663832a9139e85fd9f30d66a5a1fa0c7/element - {"using":"xpath","value":"(//button[@name=\"language\"])[1]"}
RESULT: {"url":"http://demo.saas-3.veriff.me/"}
COMMAND: GET /session/663832a9139e85fd9f30d66a5a1fa0c7/url - {}
RESULT: {}
RESULT: {"using":"xpath","value":"(//button[@name=\"language\"])[1]"}
COMMAND: POST /session/663832a9139e85fd9f30d66a5a1fa0c7/elements - {"using":"xpath","value":"(//button[@name=\"language\"])[1]"}
RESULT: {}
RESULT: {"using":"xpath","value":"(//button[@name=\"language\"])[1]"}
COMMAND: GET /session/663832a9139e85fd9f30d66a5a1fa0c7/url - {}
RESULT: {}
COMMAND: POST /session/663832a9139e85fd9f30d66a5a1fa0c7/elements - {"using":"xpath","value":"(//button[@name=\"language\"])[1]"}
RESULT: {"using":"xpath","value":"(//button[@name=\"language\"])[1]"}
COMMAND: POST /session/663832a9139e85fd9f30d66a5a1fa0c7/element - {"using":"xpath","value":"(//button[@name=\"language\"])[1]"}
RESULT: {"using":"xpath","value":"(//button[@name=\"language\"])[1]"}
COMMAND: POST /session/663832a9139e85fd9f30d66a5a1fa0c7/element/d3b17d6a-6ffa-4a93-b987-1f48def76689/click - {}
RESULT: {}
COMMAND: POST /session/663832a9139e85fd9f30d66a5a1fa0c7/elements - {"using":"css selector","value":"li.Select-module_option__2ojUk"}
RESULT: {"using":"css selector","value":"li.Select-module_option__2ojUk"}
COMMAND: GET /session/663832a9139e85fd9f30d66a5a1fa0c7/element/540d1372-10ec-4a1e-bad9-5f77ecefc2ec/text - {}
RESULT: {}
COMMAND: GET /session/663832a9139e85fd9f30d66a5a1fa0c7/element/1816dcb7-1dfe-4dbe-9fd5-e699a5a1a764/text - {}
RESULT: {}
COMMAND: GET /session/663832a9139e85fd9f30d66a5a1fa0c7/element/b471063d-7443-4adc-ab98-d831b24c7f8d/text - {}
RESULT: {}
COMMAND: GET /session/663832a9139e85fd9f30d66a5a1fa0c7/element/41ddfb59-d0c7-4c53-9180-f13f4c714a61/text - {}
RESULT: {}
COMMAND: GET /session/663832a9139e85fd9f30d66a5a1fa0c7/element/6f6ab84c-8cbe-4053-af35-37b62b18e81b/text - {}
RESULT: {}
COMMAND: GET /session/663832a9139e85fd9f30d66a5a1fa0c7/element/75e0d234-4f40-4bbf-9abe-07c2b2195582/text - {}
RESULT: {}
COMMAND: GET /session/663832a9139e85fd9f30d66a5a1fa0c7/element/a3aff452-c8f8-4878-aa13-ca9c29b080bc/text - {}
RESULT: {}
COMMAND: GET /session/663832a9139e85fd9f30d66a5a1fa0c7/element/88176bb4-31c8-4224-8983-d45a634f2da1/text - {}
RESULT: {}
COMMAND: GET /session/663832a9139e85fd9f30d66a5a1fa0c7/element/e270b60b-860a-49d4-a80c-f78fa8d6d71c/text - {}
RESULT: {}
COMMAND: GET /session/663832a9139e85fd9f30d66a5a1fa0c7/element/2a7b79d9-e635-4289-a0b5-650c0b4ac538/text - {}
RESULT: {}
COMMAND: GET /session/663832a9139e85fd9f30d66a5a1fa0c7/element/27e67247-85a6-4277-8611-7971ae6ce85c/text - {}
RESULT: {}
COMMAND: GET /session/663832a9139e85fd9f30d66a5a1fa0c7/element/8f7612b0-af87-47d4-a133-7c4d1b4a9d2b/text - {}
RESULT: {}
COMMAND: GET /session/663832a9139e85fd9f30d66a5a1fa0c7/element/b195e3dd-7527-463e-9bab-d7103a77f81a/text - {}
RESULT: {}
COMMAND: GET /session/663832a9139e85fd9f30d66a5a1fa0c7/element/82cecd6c-b72c-46ca-b6ea-fe060ae3e2c8/text - {}
RESULT: {}
COMMAND: GET /session/663832a9139e85fd9f30d66a5a1fa0c7/element/c1a80785-7068-4444-bc81-1e3d3791ea86/text - {}
RESULT: {}
COMMAND: GET /session/663832a9139e85fd9f30d66a5a1fa0c7/element/3fa268f6-d4ce-4454-a494-8ebf7de2a405/text - {}
RESULT: {}
COMMAND: GET /session/663832a9139e85fd9f30d66a5a1fa0c7/element/2af4448e-e3d5-4fa1-883a-56e568777dfe/text - {}
RESULT: {}
COMMAND: GET /session/663832a9139e85fd9f30d66a5a1fa0c7/element/e82513d4-f0a9-45c4-aa41-1afb92a0cbe1/text - {}
RESULT: {}
COMMAND: GET /session/663832a9139e85fd9f30d66a5a1fa0c7/element/99456ea4-d1e9-4a12-af62-cf60470f4245/text - {}
RESULT: {}
COMMAND: GET /session/663832a9139e85fd9f30d66a5a1fa0c7/element/8ec98e82-efd3-439c-a3c4-7cacd8a1f4e0/text - {}
RESULT: {}
COMMAND: GET /session/663832a9139e85fd9f30d66a5a1fa0c7/element/947b3ba5-d429-4d2e-be2f-eabfd917587c/text - {}
RESULT: {}
COMMAND: GET /session/663832a9139e85fd9f30d66a5a1fa0c7/element/47bed39c-5b83-4d8a-b665-ff2ae0862acf/text - {}
RESULT: {}
COMMAND: GET /session/663832a9139e85fd9f30d66a5a1fa0c7/element/000d635c-61d5-444f-9969-a92aa6c0e6e7/text - {}
RESULT: {}
COMMAND: GET /session/663832a9139e85fd9f30d66a5a1fa0c7/element/51e9396e-8f41-4a7d-a343-05f75eb6743b/text - {}
RESULT: {}
COMMAND: GET /session/663832a9139e85fd9f30d66a5a1fa0c7/element/5ae3aba1-0b2f-47d1-be08-3c31401d088d/text - {}
RESULT: {}
COMMAND: GET /session/663832a9139e85fd9f30d66a5a1fa0c7/element/e720d911-2e64-4626-b875-0a91496b47ca/text - {}
RESULT: {}
COMMAND: GET /session/663832a9139e85fd9f30d66a5a1fa0c7/element/a2a7d42c-3324-4166-ab3d-5e57757a8170/text - {}
RESULT: {}
COMMAND: GET /session/663832a9139e85fd9f30d66a5a1fa0c7/element/fe279762-03a1-4379-b143-3e584b048a8f/text - {}
RESULT: {}
COMMAND: GET /session/663832a9139e85fd9f30d66a5a1fa0c7/element/81278abe-c641-4900-abec-14fc39986011/text - {}
RESULT: {}
COMMAND: GET /session/663832a9139e85fd9f30d66a5a1fa0c7/element/e535312c-b2e6-4352-b41d-329b1dbddef0/text - {}
RESULT: {}
COMMAND: GET /session/663832a9139e85fd9f30d66a5a1fa0c7/element/498e79b0-660b-47c2-8013-1044c50c3648/text - {}
RESULT: {}
COMMAND: GET /session/663832a9139e85fd9f30d66a5a1fa0c7/element/60e2bf13-690a-4496-a6af-10c7531c9959/text - {}
RESULT: {}
COMMAND: GET /session/663832a9139e85fd9f30d66a5a1fa0c7/element/542f90d6-9cf2-49b0-96dc-29756d37fa76/text - {}
RESULT: {}
COMMAND: GET /session/663832a9139e85fd9f30d66a5a1fa0c7/element/9eda6986-b26b-477f-a563-b4b4ee80ea22/text - {}
COMMAND: GET /session/663832a9139e85fd9f30d66a5a1fa0c7/url - {}
RESULT: {}
COMMAND: GET /session/663832a9139e85fd9f30d66a5a1fa0c7/element/0e18e3ff-10ee-4b7d-866a-cc7f61293fdd/text - {}
RESULT: {}
RESULT: {}
COMMAND: GET /session/663832a9139e85fd9f30d66a5a1fa0c7/element/6b7e17bd-f828-49e9-813f-349f51f23f4a/text - {}
RESULT: {}
COMMAND: GET /session/663832a9139e85fd9f30d66a5a1fa0c7/element/a041a257-8332-492b-bcb4-cc8f450eccef/text - {}
RESULT: {}
COMMAND: GET /session/663832a9139e85fd9f30d66a5a1fa0c7/element/3b34e3b8-48fc-4525-8305-5ac09ea724f4/text - {}
RESULT: {}
COMMAND: GET /session/663832a9139e85fd9f30d66a5a1fa0c7/element/428ddfeb-3340-4be2-80ed-3c56a566317d/text - {}
RESULT: {}
COMMAND: GET /session/663832a9139e85fd9f30d66a5a1fa0c7/element/204de42b-84a8-424e-a8e5-71cd32aa5242/text - {}
RESULT: {}
COMMAND: GET /session/663832a9139e85fd9f30d66a5a1fa0c7/screenshot - {}
COMMAND: GET /session/663832a9139e85fd9f30d66a5a1fa0c7/url - {}
RESULT: {}
RESULT: {}
]]></system-out>
    </testcase>
    <testcase classname="chrome.100_0_4896_60.macosx.Session_Configuration_Page" name="Create session in redirect flow" time="4.67">
      <system-out><![CDATA[
COMMAND: POST /session/663832a9139e85fd9f30d66a5a1fa0c7/url - {"url":"http://demo.saas-3.veriff.me/"}
COMMAND: POST /session/663832a9139e85fd9f30d66a5a1fa0c7/window/maximize - {}
COMMAND: POST /session/663832a9139e85fd9f30d66a5a1fa0c7/element - {"using":"xpath","value":"(//button[@name=\"language\"])[1]"}
RESULT: {"url":"http://demo.saas-3.veriff.me/"}
RESULT: {}
RESULT: {"using":"xpath","value":"(//button[@name=\"language\"])[1]"}
COMMAND: POST /session/663832a9139e85fd9f30d66a5a1fa0c7/elements - {"using":"xpath","value":"(//button[@name=\"language\"])[1]"}
RESULT: {"using":"xpath","value":"(//button[@name=\"language\"])[1]"}
COMMAND: GET /session/663832a9139e85fd9f30d66a5a1fa0c7/url - {}
RESULT: {}
COMMAND: POST /session/663832a9139e85fd9f30d66a5a1fa0c7/elements - {"using":"xpath","value":"(//button[@name=\"language\"])[1]"}
RESULT: {"using":"xpath","value":"(//button[@name=\"language\"])[1]"}
COMMAND: POST /session/663832a9139e85fd9f30d66a5a1fa0c7/element - {"using":"xpath","value":"(//button[@name=\"language\"])[1]"}
RESULT: {"using":"xpath","value":"(//button[@name=\"language\"])[1]"}
COMMAND: POST /session/663832a9139e85fd9f30d66a5a1fa0c7/element/97b1e01e-cb21-4ae1-af6a-298cc99313c7/click - {}
COMMAND: GET /session/663832a9139e85fd9f30d66a5a1fa0c7/url - {}
RESULT: {}
COMMAND: POST /session/663832a9139e85fd9f30d66a5a1fa0c7/element - {"using":"xpath","value":"//li[@id=\"downshift-0-item-2\"]"}
RESULT: {}
RESULT: {"using":"xpath","value":"//li[@id=\"downshift-0-item-2\"]"}
COMMAND: POST /session/663832a9139e85fd9f30d66a5a1fa0c7/element/aaec8dc6-18d8-44e4-b1e8-53284d0984da/click - {}
RESULT: {}
COMMAND: POST /session/663832a9139e85fd9f30d66a5a1fa0c7/element - {"using":"xpath","value":"//input[@name=\"name\"]"}
COMMAND: POST /session/663832a9139e85fd9f30d66a5a1fa0c7/element - {"using":"xpath","value":"//input[@name=\"name\"]"}
RESULT: {"using":"xpath","value":"//input[@name=\"name\"]"}
COMMAND: POST /session/663832a9139e85fd9f30d66a5a1fa0c7/execute/sync - {"script":"return (s => {\n      s.value = null;\n    }).apply(null, arguments)","args":[{"element-6066-11e4-a52e-4f735466cecf":"c1694808-06ac-4b23-bb98-82b217645485","ELEMENT":"c1694808-06ac-4b23-bb98-82b217645485"}]}
RESULT: {"using":"xpath","value":"//input[@name=\"name\"]"}
COMMAND: POST /session/663832a9139e85fd9f30d66a5a1fa0c7/element/c1694808-06ac-4b23-bb98-82b217645485/click - {}
COMMAND: POST /session/663832a9139e85fd9f30d66a5a1fa0c7/execute/sync - {"script":"return (function isElementDisplayed(element) {\n    function nodeIsElement(node) {\n        if (!node) {\n            return false;\n        }\n        switch (node.nodeType) {\n            case Node.ELEMEN ... (7762 more bytes)","args":[{"element-6066-11e4-a52e-4f735466cecf":"c1694808-06ac-4b23-bb98-82b217645485","ELEMENT":"c1694808-06ac-4b23-bb98-82b217645485"}]}
RESULT: {"script":"return (s => {\n      s.value = null;\n    }).apply(null, arguments)","args":[{"element-6066-11e4-a52e-4f735466cecf":"c1694808-06ac-4b23-bb98-82b217645485","ELEMENT":"c1694808-06ac-4b23-bb98-82b217645485"}]}
COMMAND: POST /session/663832a9139e85fd9f30d66a5a1fa0c7/element - {"using":"xpath","value":"//input[@name=\"name\"]"}
RESULT: {}
RESULT: {"script":"return (function isElementDisplayed(element) {\n    function nodeIsElement(node) {\n        if (!node) {\n            return false;\n        }\n        switch (node.nodeType) {\n            case Node.ELEMEN ... (7762 more bytes)","args":[{"element-6066-11e4-a52e-4f735466cecf":"c1694808-06ac-4b23-bb98-82b217645485","ELEMENT":"c1694808-06ac-4b23-bb98-82b217645485"}]}
RESULT: {"using":"xpath","value":"//input[@name=\"name\"]"}
COMMAND: POST /session/663832a9139e85fd9f30d66a5a1fa0c7/element/c1694808-06ac-4b23-bb98-82b217645485/value - {"text":"Rico Abshire"}
RESULT: {"text":"Rico Abshire"}
COMMAND: POST /session/663832a9139e85fd9f30d66a5a1fa0c7/element - {"using":"xpath","value":"//input[@id=\"downshift-1-input\"]"}
RESULT: {"using":"xpath","value":"//input[@id=\"downshift-1-input\"]"}
COMMAND: POST /session/663832a9139e85fd9f30d66a5a1fa0c7/element/461fbbcd-22b1-47dc-a74d-13e4d108328e/click - {}
RESULT: {}
COMMAND: POST /session/663832a9139e85fd9f30d66a5a1fa0c7/element - {"using":"xpath","value":"//li[@id=\"downshift-1-item-2\"]"}
RESULT: {"using":"xpath","value":"//li[@id=\"downshift-1-item-2\"]"}
COMMAND: POST /session/663832a9139e85fd9f30d66a5a1fa0c7/element/3ad2dacc-e4e1-4b13-a69d-878cee7f7ebd/click - {}
RESULT: {}
COMMAND: POST /session/663832a9139e85fd9f30d66a5a1fa0c7/element - {"using":"xpath","value":"//button[@name=\"documentType\"]"}
RESULT: {"using":"xpath","value":"//button[@name=\"documentType\"]"}
COMMAND: POST /session/663832a9139e85fd9f30d66a5a1fa0c7/element/a1fe204f-a988-4f8c-bb8e-faf8338f474d/click - {}
RESULT: {}
COMMAND: POST /session/663832a9139e85fd9f30d66a5a1fa0c7/element - {"using":"css selector","value":"#downshift-2-item-0"}
RESULT: {"using":"css selector","value":"#downshift-2-item-0"}
COMMAND: POST /session/663832a9139e85fd9f30d66a5a1fa0c7/element/65f02b70-5e4d-426f-ae0d-b2e56f039af2/click - {}
RESULT: {}
COMMAND: POST /session/663832a9139e85fd9f30d66a5a1fa0c7/element - {"using":"xpath","value":"//input[@value=\"redirect\"]"}
RESULT: {"using":"xpath","value":"//input[@value=\"redirect\"]"}
COMMAND: POST /session/663832a9139e85fd9f30d66a5a1fa0c7/element/cc53b1a0-5bc9-4e94-9c57-73f56d032db0/click - {}
RESULT: {}
COMMAND: POST /session/663832a9139e85fd9f30d66a5a1fa0c7/element - {"using":"xpath","value":"//button[@type=\"submit\"]"}
RESULT: {"using":"xpath","value":"//button[@type=\"submit\"]"}
COMMAND: POST /session/663832a9139e85fd9f30d66a5a1fa0c7/element/45247ae8-9109-4369-865b-61db3a122800/click - {}
RESULT: {}
COMMAND: POST /session/663832a9139e85fd9f30d66a5a1fa0c7/element - {"using":"css selector","value":"div[class=\"s2f76j4\"] h1"}
RESULT: {"using":"css selector","value":"div[class=\"s2f76j4\"] h1"}
COMMAND: POST /session/663832a9139e85fd9f30d66a5a1fa0c7/elements - {"using":"css selector","value":"div[class=\"s2f76j4\"] h1"}
RESULT: {"using":"css selector","value":"div[class=\"s2f76j4\"] h1"}
COMMAND: POST /session/663832a9139e85fd9f30d66a5a1fa0c7/elements - {"using":"css selector","value":"div[class=\"s2f76j4\"] h1"}
RESULT: {"using":"css selector","value":"div[class=\"s2f76j4\"] h1"}
COMMAND: POST /session/663832a9139e85fd9f30d66a5a1fa0c7/elements - {"using":"css selector","value":"div[class=\"s2f76j4\"] h1"}
RESULT: {"using":"css selector","value":"div[class=\"s2f76j4\"] h1"}
COMMAND: POST /session/663832a9139e85fd9f30d66a5a1fa0c7/elements - {"using":"css selector","value":"div[class=\"s2f76j4\"] h1"}
RESULT: {"using":"css selector","value":"div[class=\"s2f76j4\"] h1"}
COMMAND: POST /session/663832a9139e85fd9f30d66a5a1fa0c7/elements - {"using":"css selector","value":"div[class=\"s2f76j4\"] h1"}
RESULT: {"using":"css selector","value":"div[class=\"s2f76j4\"] h1"}
COMMAND: POST /session/663832a9139e85fd9f30d66a5a1fa0c7/elements - {"using":"css selector","value":"div[class=\"s2f76j4\"] h1"}
RESULT: {"using":"css selector","value":"div[class=\"s2f76j4\"] h1"}
COMMAND: POST /session/663832a9139e85fd9f30d66a5a1fa0c7/element - {"using":"css selector","value":"div[class=\"s2f76j4\"] h1"}
RESULT: {"using":"css selector","value":"div[class=\"s2f76j4\"] h1"}
COMMAND: GET /session/663832a9139e85fd9f30d66a5a1fa0c7/element/b8fbdf4d-a9d2-4fd1-9a6d-1b0ebfa931ed/text - {}
RESULT: {}
COMMAND: GET /session/663832a9139e85fd9f30d66a5a1fa0c7/screenshot - {}
RESULT: {}
COMMAND: DELETE /session/663832a9139e85fd9f30d66a5a1fa0c7 - {}
RESULT: {}
]]></system-out>
    </testcase>
  </testsuite>
</testsuites>